<?xml version="1.0" encoding="UTF-8" ?>
<testsuite tests="57" failures="0" name="com.ttkien.utils.RectangleUtilTest" time="0.025" errors="0" skipped="0">
  <properties>
    <property name="java.runtime.name" value="OpenJDK Runtime Environment"/>
    <property name="java.vm.version" value="17.0.1+0"/>
    <property name="sun.boot.library.path" value="/usr/local/Cellar/openjdk/17.0.1/libexec/openjdk.jdk/Contents/Home/lib"/>
    <property name="maven.multiModuleProjectDirectory" value="/Users/intransigense/IdeaProjects/rectangles"/>
    <property name="java.vm.vendor" value="Homebrew"/>
    <property name="java.vendor.url" value="https://github.com/Homebrew/homebrew-core/issues"/>
    <property name="guice.disable.misplaced.annotation.check" value="true"/>
    <property name="path.separator" value=":"/>
    <property name="java.vm.name" value="OpenJDK 64-Bit Server VM"/>
    <property name="user.country" value="US"/>
    <property name="sun.java.launcher" value="SUN_STANDARD"/>
    <property name="java.vm.specification.name" value="Java Virtual Machine Specification"/>
    <property name="user.dir" value="/Users/intransigense/IdeaProjects/rectangles"/>
    <property name="java.vm.compressedOopsMode" value="Zero based"/>
    <property name="java.runtime.version" value="17.0.1+0"/>
    <property name="os.arch" value="x86_64"/>
    <property name="java.io.tmpdir" value="/var/folders/f8/d6xgkfmx4sb1wqx3hvw6srt00000gn/T/"/>
    <property name="line.separator" value="
"/>
    <property name="java.vm.specification.vendor" value="Oracle Corporation"/>
    <property name="os.name" value="Mac OS X"/>
    <property name="classworlds.conf" value="/usr/local/Cellar/maven/3.8.4/libexec/bin/m2.conf"/>
    <property name="sun.jnu.encoding" value="UTF-8"/>
    <property name="java.library.path" value="/Users/intransigense/Library/Java/Extensions:/Library/Java/Extensions:/Network/Library/Java/Extensions:/System/Library/Java/Extensions:/usr/lib/java:."/>
    <property name="maven.conf" value="/usr/local/Cellar/maven/3.8.4/libexec/conf"/>
    <property name="jdk.debug" value="release"/>
    <property name="java.class.version" value="61.0"/>
    <property name="java.specification.name" value="Java Platform API Specification"/>
    <property name="sun.management.compiler" value="HotSpot 64-Bit Tiered Compilers"/>
    <property name="os.version" value="11.6.1"/>
    <property name="library.jansi.path" value="/usr/local/Cellar/maven/3.8.4/libexec/lib/jansi-native"/>
    <property name="http.nonProxyHosts" value="local|*.local|169.254/16|*.169.254/16"/>
    <property name="user.home" value="/Users/intransigense"/>
    <property name="user.timezone" value="America/Toronto"/>
    <property name="file.encoding" value="UTF-8"/>
    <property name="java.specification.version" value="17"/>
    <property name="user.name" value="intransigense"/>
    <property name="java.class.path" value="/usr/local/Cellar/maven/3.8.4/libexec/boot/plexus-classworlds-2.6.0.jar"/>
    <property name="java.vm.specification.version" value="17"/>
    <property name="sun.arch.data.model" value="64"/>
    <property name="sun.java.command" value="org.codehaus.plexus.classworlds.launcher.Launcher clean install"/>
    <property name="java.home" value="/usr/local/Cellar/openjdk/17.0.1/libexec/openjdk.jdk/Contents/Home"/>
    <property name="user.language" value="en"/>
    <property name="java.specification.vendor" value="Oracle Corporation"/>
    <property name="java.vm.info" value="mixed mode, sharing"/>
    <property name="java.version" value="17.0.1"/>
    <property name="native.encoding" value="UTF-8"/>
    <property name="java.vendor" value="Homebrew"/>
    <property name="sun.stderr.encoding" value="UTF-8"/>
    <property name="maven.home" value="/usr/local/Cellar/maven/3.8.4/libexec"/>
    <property name="file.separator" value="/"/>
    <property name="java.version.date" value="2021-10-19"/>
    <property name="java.vendor.url.bug" value="https://github.com/Homebrew/homebrew-core/issues"/>
    <property name="sun.io.unicode.encoding" value="UnicodeBig"/>
    <property name="sun.cpu.endian" value="little"/>
    <property name="java.vendor.version" value="Homebrew"/>
    <property name="sun.stdout.encoding" value="UTF-8"/>
    <property name="socksNonProxyHosts" value="local|*.local|169.254/16|*.169.254/16"/>
    <property name="ftp.nonProxyHosts" value="local|*.local|169.254/16|*.169.254/16"/>
  </properties>
  <testcase classname="com.ttkien.utils.RectangleUtilTest" name="testVisualizeOnConsoleWithLargeRectangles_thenExpectWarningReturn2" time="0.002"/>
  <testcase classname="com.ttkien.utils.RectangleUtilTest" name="testReadInputWithPositiveValues" time="0.001"/>
  <testcase classname="com.ttkien.utils.RectangleUtilTest" name="testAnalyzeFeatures_thenExpectProperAdjacency" time="0.001"/>
  <testcase classname="com.ttkien.utils.RectangleUtilTest" name="testAnalyzeFeatures_thenExpectContainmentAndSublineAdjacency" time="0"/>
  <testcase classname="com.ttkien.utils.RectangleUtilTest" name="testAnalyzeFeatures_thenExpectSublineAdjacency" time="0"/>
  <testcase classname="com.ttkien.utils.RectangleUtilTest" name="testAnalyzeFeatures_thenExpectPartialAdjacency" time="0.001"/>
  <testcase classname="com.ttkien.utils.RectangleUtilTest" name="testAnalyzeFeatures_thenExpectIntersectionAndContainment" time="0"/>
  <testcase classname="com.ttkien.utils.RectangleUtilTest" name="testAnalyzeFeatures_thenExpectNoneOfFeaturesExist1" time="0.001"/>
  <testcase classname="com.ttkien.utils.RectangleUtilTest" name="testAnalyzeFeatures_thenExpectNoneOfFeaturesExist2" time="0"/>
  <testcase classname="com.ttkien.utils.RectangleUtilTest" name="testAnalyzeFeatures_thenExpectNoneOfFeaturesExist4" time="0"/>
  <testcase classname="com.ttkien.utils.RectangleUtilTest" name="testAnalyzeFeatures_thenExpectNoneOfFeaturesExist5" time="0.001"/>
  <testcase classname="com.ttkien.utils.RectangleUtilTest" name="testAnalyzeFeatures_thenExpectNoneOfFeaturesExist6" time="0"/>
  <testcase classname="com.ttkien.utils.RectangleUtilTest" name="testAnalyzeFeatures_thenExpectNoneOfFeaturesExist7" time="0.001"/>
  <testcase classname="com.ttkien.utils.RectangleUtilTest" name="testAnalyzeFeatures_thenExpectNoneOfFeaturesExist8" time="0"/>
  <testcase classname="com.ttkien.utils.RectangleUtilTest" name="testAnalyzeFeatures_thenExpectNoneOfFeaturesExist9" time="0.001"/>
  <testcase classname="com.ttkien.utils.RectangleUtilTest" name="testVisualizeOnConsole_thenExpectVisualizableStringReturn2" time="0.004"/>
  <testcase classname="com.ttkien.utils.RectangleUtilTest" name="testVisualizeOnConsole_thenExpectVisualizableStringReturn3" time="0"/>
  <testcase classname="com.ttkien.utils.RectangleUtilTest" name="testVisualizeOnConsole_thenExpectVisualizableStringReturn4" time="0"/>
  <testcase classname="com.ttkien.utils.RectangleUtilTest" name="testVisualizeOnConsole_thenExpectVisualizableStringReturn5" time="0.001"/>
  <testcase classname="com.ttkien.utils.RectangleUtilTest" name="testVisualizeOnConsole_thenExpectVisualizableStringReturn6" time="0"/>
  <testcase classname="com.ttkien.utils.RectangleUtilTest" name="testVisualizeOnConsole_thenExpectVisualizableStringReturn7" time="0"/>
  <testcase classname="com.ttkien.utils.RectangleUtilTest" name="testAnalyzeFeatures_thenExpectContainmentAndProperAdjacency1" time="0"/>
  <testcase classname="com.ttkien.utils.RectangleUtilTest" name="testAnalyzeFeatures_thenExpectContainmentAndProperAdjacency2" time="0.001"/>
  <testcase classname="com.ttkien.utils.RectangleUtilTest" name="testAnalyzeFeatures_thenExpectContainmentAndProperAdjacency3" time="0"/>
  <testcase classname="com.ttkien.utils.RectangleUtilTest" name="testAnalyzeFeatures_thenExpectNoneFeaturesExist" time="0"/>
  <testcase classname="com.ttkien.utils.RectangleUtilTest" name="testReadInputWithInvalidValues2" time="0.001"/>
  <testcase classname="com.ttkien.utils.RectangleUtilTest" name="testAnalyzeFeatures_thenExpectIntersectionAndContainment1" time="0"/>
  <testcase classname="com.ttkien.utils.RectangleUtilTest" name="testAnalyzeFeatures_thenExpectIntersectionAndContainment2" time="0"/>
  <testcase classname="com.ttkien.utils.RectangleUtilTest" name="testAnalyzeFeatures_thenExpectIntersectionAndContainment3" time="0"/>
  <testcase classname="com.ttkien.utils.RectangleUtilTest" name="testAnalyzeFeatures_thenExpectIntersectionAndContainment4" time="0"/>
  <testcase classname="com.ttkien.utils.RectangleUtilTest" name="testAnalyzeFeatures_thenExpectNoneFeaturesExist2" time="0.001"/>
  <testcase classname="com.ttkien.utils.RectangleUtilTest" name="testAnalyzeFeatures_thenExpectNoneFeaturesExist3" time="0"/>
  <testcase classname="com.ttkien.utils.RectangleUtilTest" name="testAnalyzeFeatures_thenExpectNoneFeaturesExist4" time="0.001"/>
  <testcase classname="com.ttkien.utils.RectangleUtilTest" name="testAnalyzeFeatures_thenExpectNoneFeaturesExist5" time="0.001"/>
  <testcase classname="com.ttkien.utils.RectangleUtilTest" name="testAnalyzeFeatures_thenExpectNoneFeaturesExist6" time="0"/>
  <testcase classname="com.ttkien.utils.RectangleUtilTest" name="testAnalyzeFeatures_thenExpectNoneFeaturesExist7" time="0"/>
  <testcase classname="com.ttkien.utils.RectangleUtilTest" name="testAnalyzeFeatures_thenExpectNoneFeaturesExist8" time="0"/>
  <testcase classname="com.ttkien.utils.RectangleUtilTest" name="testAnalyzeFeatures_thenExpectNoneFeaturesExist9" time="0.001"/>
  <testcase classname="com.ttkien.utils.RectangleUtilTest" name="testVisualizeOnConsoleWithLargeRectangles_thenExpectWarningReturn" time="0"/>
  <testcase classname="com.ttkien.utils.RectangleUtilTest" name="testAnalyzeFeatures_thenExpectPartialAdjacencyOnly" time="0.001"/>
  <testcase classname="com.ttkien.utils.RectangleUtilTest" name="testAnalyzeFeatures_thenExpectPartialAdjacency2" time="0"/>
  <testcase classname="com.ttkien.utils.RectangleUtilTest" name="testAnalyzeFeatures_thenExpectPartialAdjacencyOnly2" time="0"/>
  <testcase classname="com.ttkien.utils.RectangleUtilTest" name="testAnalyzeFeatures_thenExpectSublineAdjacency1" time="0"/>
  <testcase classname="com.ttkien.utils.RectangleUtilTest" name="testAnalyzeFeatures_thenExpectSublineAdjacencyOnly" time="0"/>
  <testcase classname="com.ttkien.utils.RectangleUtilTest" name="testVisualizeOnConsole_thenExpectVisualizableStringReturn" time="0"/>
  <testcase classname="com.ttkien.utils.RectangleUtilTest" name="testAnalyzeFeatures_thenExpectContainmentANdProperAdjacency" time="0"/>
  <testcase classname="com.ttkien.utils.RectangleUtilTest" name="testAnalyzeFeatures_thenExpectNoneOfFeaturesExis3" time="0"/>
  <testcase classname="com.ttkien.utils.RectangleUtilTest" name="testAnalyzeFeatures_thenExpectNoneOfFeaturesExist" time="0.001"/>
  <testcase classname="com.ttkien.utils.RectangleUtilTest" name="testReadInputWithNegativeValues" time="0"/>
  <testcase classname="com.ttkien.utils.RectangleUtilTest" name="testAnalyzeFeatures_thenExpectContainmentAndSublineAdjacency2" time="0.001"/>
  <testcase classname="com.ttkien.utils.RectangleUtilTest" name="testAnalyzeFeatures_thenExpectContainmentAndSublineAdjacency3" time="0"/>
  <testcase classname="com.ttkien.utils.RectangleUtilTest" name="testAnalyzeFeatures_thenExpectContainmentAndSublineAdjacency4" time="0"/>
  <testcase classname="com.ttkien.utils.RectangleUtilTest" name="testAnalyzeFeatures_thenExpectContainmentAndSublineAdjacency5" time="0.001"/>
  <testcase classname="com.ttkien.utils.RectangleUtilTest" name="testAnalyzeFeatures_thenExpectContainmentAndSublineAdjacency6" time="0"/>
  <testcase classname="com.ttkien.utils.RectangleUtilTest" name="testAnalyzeFeatures_thenExpectSublineAdjacencyOnly2" time="0"/>
  <testcase classname="com.ttkien.utils.RectangleUtilTest" name="testAnalyzeFeatures_thenExpectContainmentAndProperAdjacency" time="0.001"/>
  <testcase classname="com.ttkien.utils.RectangleUtilTest" name="testReadInputWithInvalidValues" time="0"/>
</testsuite>