<?xml version="1.0" encoding="UTF-8" ?>
<testsuite tests="67" failures="0" name="com.ttkien.model.RectangleTest" time="0.007" errors="0" skipped="0">
  <properties>
    <property name="java.runtime.name" value="OpenJDK Runtime Environment"/>
    <property name="java.vm.version" value="17.0.1+0"/>
    <property name="sun.boot.library.path" value="/usr/local/Cellar/openjdk/17.0.1/libexec/openjdk.jdk/Contents/Home/lib"/>
    <property name="maven.multiModuleProjectDirectory" value="/Users/intransigense/IdeaProjects/rectangles"/>
    <property name="java.vm.vendor" value="Homebrew"/>
    <property name="java.vendor.url" value="https://github.com/Homebrew/homebrew-core/issues"/>
    <property name="guice.disable.misplaced.annotation.check" value="true"/>
    <property name="path.separator" value=":"/>
    <property name="java.vm.name" value="OpenJDK 64-Bit Server VM"/>
    <property name="user.country" value="US"/>
    <property name="sun.java.launcher" value="SUN_STANDARD"/>
    <property name="java.vm.specification.name" value="Java Virtual Machine Specification"/>
    <property name="user.dir" value="/Users/intransigense/IdeaProjects/rectangles"/>
    <property name="java.vm.compressedOopsMode" value="Zero based"/>
    <property name="java.runtime.version" value="17.0.1+0"/>
    <property name="os.arch" value="x86_64"/>
    <property name="java.io.tmpdir" value="/var/folders/f8/d6xgkfmx4sb1wqx3hvw6srt00000gn/T/"/>
    <property name="line.separator" value="
"/>
    <property name="java.vm.specification.vendor" value="Oracle Corporation"/>
    <property name="os.name" value="Mac OS X"/>
    <property name="classworlds.conf" value="/usr/local/Cellar/maven/3.8.4/libexec/bin/m2.conf"/>
    <property name="sun.jnu.encoding" value="UTF-8"/>
    <property name="java.library.path" value="/Users/intransigense/Library/Java/Extensions:/Library/Java/Extensions:/Network/Library/Java/Extensions:/System/Library/Java/Extensions:/usr/lib/java:."/>
    <property name="maven.conf" value="/usr/local/Cellar/maven/3.8.4/libexec/conf"/>
    <property name="jdk.debug" value="release"/>
    <property name="java.class.version" value="61.0"/>
    <property name="java.specification.name" value="Java Platform API Specification"/>
    <property name="sun.management.compiler" value="HotSpot 64-Bit Tiered Compilers"/>
    <property name="os.version" value="11.6.1"/>
    <property name="library.jansi.path" value="/usr/local/Cellar/maven/3.8.4/libexec/lib/jansi-native"/>
    <property name="http.nonProxyHosts" value="local|*.local|169.254/16|*.169.254/16"/>
    <property name="user.home" value="/Users/intransigense"/>
    <property name="user.timezone" value="America/Toronto"/>
    <property name="file.encoding" value="UTF-8"/>
    <property name="java.specification.version" value="17"/>
    <property name="user.name" value="intransigense"/>
    <property name="java.class.path" value="/usr/local/Cellar/maven/3.8.4/libexec/boot/plexus-classworlds-2.6.0.jar"/>
    <property name="java.vm.specification.version" value="17"/>
    <property name="sun.arch.data.model" value="64"/>
    <property name="sun.java.command" value="org.codehaus.plexus.classworlds.launcher.Launcher clean install"/>
    <property name="java.home" value="/usr/local/Cellar/openjdk/17.0.1/libexec/openjdk.jdk/Contents/Home"/>
    <property name="user.language" value="en"/>
    <property name="java.specification.vendor" value="Oracle Corporation"/>
    <property name="java.vm.info" value="mixed mode, sharing"/>
    <property name="java.version" value="17.0.1"/>
    <property name="native.encoding" value="UTF-8"/>
    <property name="java.vendor" value="Homebrew"/>
    <property name="sun.stderr.encoding" value="UTF-8"/>
    <property name="maven.home" value="/usr/local/Cellar/maven/3.8.4/libexec"/>
    <property name="file.separator" value="/"/>
    <property name="java.version.date" value="2021-10-19"/>
    <property name="java.vendor.url.bug" value="https://github.com/Homebrew/homebrew-core/issues"/>
    <property name="sun.io.unicode.encoding" value="UnicodeBig"/>
    <property name="sun.cpu.endian" value="little"/>
    <property name="java.vendor.version" value="Homebrew"/>
    <property name="sun.stdout.encoding" value="UTF-8"/>
    <property name="socksNonProxyHosts" value="local|*.local|169.254/16|*.169.254/16"/>
    <property name="ftp.nonProxyHosts" value="local|*.local|169.254/16|*.169.254/16"/>
  </properties>
  <testcase classname="com.ttkien.model.RectangleTest" name="testIntersectionWithTwoRectangles_thenExpectNoIntersection" time="0"/>
  <testcase classname="com.ttkien.model.RectangleTest" name="testIntersectionWithTwoRectangles_thenExpectNoIntersection2" time="0"/>
  <testcase classname="com.ttkien.model.RectangleTest" name="testIntersectionWithTwoRectangles_thenExpectNoIntersection3" time="0"/>
  <testcase classname="com.ttkien.model.RectangleTest" name="testEmmptyRectanglesContainsPointAt0x0_thenExpectFalse" time="0"/>
  <testcase classname="com.ttkien.model.RectangleTest" name="testANegativePosRectangleContainsEmptyRectangle_thenExpectTrue" time="0"/>
  <testcase classname="com.ttkien.model.RectangleTest" name="testIntersectionWithTwoRectangles_thenExpectIntersection" time="0.001"/>
  <testcase classname="com.ttkien.model.RectangleTest" name="testConstructorNoneArgument_thenAssertValuesOfProperty" time="0"/>
  <testcase classname="com.ttkien.model.RectangleTest" name="testANegativePosRectangleContainsEmptyRectangle_thenExpectTrue2" time="0"/>
  <testcase classname="com.ttkien.model.RectangleTest" name="testEmmptyRectanglesContainsPointAt1x1_thenExpectFalse" time="0"/>
  <testcase classname="com.ttkien.model.RectangleTest" name="testIntersectionWithTwoRectangles_thenExpectIntersection2" time="0"/>
  <testcase classname="com.ttkien.model.RectangleTest" name="testIntersectionWithTwoRectangles_thenExpectIntersection3" time="0"/>
  <testcase classname="com.ttkien.model.RectangleTest" name="testIntersectTwoRectangles_ThenExpectFalse2" time="0"/>
  <testcase classname="com.ttkien.model.RectangleTest" name="testIntersectTwoRectangles_ThenExpectFalse3" time="0"/>
  <testcase classname="com.ttkien.model.RectangleTest" name="testAdjacentOfTwoRectangles_ThenExpectSUB_LINE2" time="0.001"/>
  <testcase classname="com.ttkien.model.RectangleTest" name="testAdjacentOfTwoRectangles_ThenExpectPROPER" time="0"/>
  <testcase classname="com.ttkien.model.RectangleTest" name="testIntersectTwoRectangles_ThenExpectFalse" time="0.001"/>
  <testcase classname="com.ttkien.model.RectangleTest" name="testAdjacentOfTwoRectangles_ThenExpectSUB_LINE" time="0"/>
  <testcase classname="com.ttkien.model.RectangleTest" name="testIntersectTwoRectangles_ThenExpectTrue2" time="0"/>
  <testcase classname="com.ttkien.model.RectangleTest" name="testIntersectTwoRectangles_ThenExpectTrue3" time="0"/>
  <testcase classname="com.ttkien.model.RectangleTest" name="testARectangleContainsEmptyRectangle_thenExpectFalse" time="0"/>
  <testcase classname="com.ttkien.model.RectangleTest" name="testIntersectionWithAEmptyRectangle_thenExpectNoIntersection" time="0"/>
  <testcase classname="com.ttkien.model.RectangleTest" name="testConstructorWithPositiveArguments_thenAssertValueOfProperties" time="0.001"/>
  <testcase classname="com.ttkien.model.RectangleTest" name="testConstructorWithNegativeWidth_thenAssertValuesOfProperties" time="0"/>
  <testcase classname="com.ttkien.model.RectangleTest" name="testNegativePosRectangleContainsEmptyRectangle_thenExpectFalse2" time="0"/>
  <testcase classname="com.ttkien.model.RectangleTest" name="testAdjacentOfARectangleWithAEmptyRectangle_ThenExpectSUBLINE" time="0"/>
  <testcase classname="com.ttkien.model.RectangleTest" name="testRectanglesContainsAPoint_thenExpectFalse" time="0"/>
  <testcase classname="com.ttkien.model.RectangleTest" name="testIntersectTwoRectangles_ThenExpectTrue" time="0"/>
  <testcase classname="com.ttkien.model.RectangleTest" name="testAdjacentOfTwoRectangles_ThenExpectPARITAL" time="0"/>
  <testcase classname="com.ttkien.model.RectangleTest" name="testAdjacentOfTwoRectangles_ThenExpectPARTIAL" time="0"/>
  <testcase classname="com.ttkien.model.RectangleTest" name="testAdjacentTwoEmptyRectangle_ThenExpectPROPER" time="0"/>
  <testcase classname="com.ttkien.model.RectangleTest" name="testIntersectionOfTwoEmptyRectangle_thenExpectNoIntersection" time="0"/>
  <testcase classname="com.ttkien.model.RectangleTest" name="testPositivePosRectangleContainsEmptyRectangle_thenExpectFalse" time="0"/>
  <testcase classname="com.ttkien.model.RectangleTest" name="testConstructorNoneArgument_thenAssertToString" time="0"/>
  <testcase classname="com.ttkien.model.RectangleTest" name="testGetCornersOfAEmptyRectangle_thenExpect4Points" time="0"/>
  <testcase classname="com.ttkien.model.RectangleTest" name="tetAZeroPointIsOnSideARectangle_ThenExpectFalse2" time="0"/>
  <testcase classname="com.ttkien.model.RectangleTest" name="tetAZeroPointIsOnSideARectangle_ThenExpectFalse3" time="0"/>
  <testcase classname="com.ttkien.model.RectangleTest" name="tetAZeroPointIsOnSideARectangle_ThenExpectFalse4" time="0"/>
  <testcase classname="com.ttkien.model.RectangleTest" name="tetAZeroPointIsOnSideARectangle_ThenExpectFalse5" time="0"/>
  <testcase classname="com.ttkien.model.RectangleTest" name="tetAZeroPointIsOnSideARectangle_ThenExpectFalse6" time="0"/>
  <testcase classname="com.ttkien.model.RectangleTest" name="tetAZeroPointIsOnSideARectangle_ThenExpectFalse7" time="0"/>
  <testcase classname="com.ttkien.model.RectangleTest" name="testContains" time="0"/>
  <testcase classname="com.ttkien.model.RectangleTest" name="testAEmptyRectangleContainsAPositivePosRectangle_thenExpectFalse" time="0.001"/>
  <testcase classname="com.ttkien.model.RectangleTest" name="testNegativePosRectangleContainsEmptyRectangle_thenExpectFalse" time="0"/>
  <testcase classname="com.ttkien.model.RectangleTest" name="tetAZeroPointIsOnSideARectangle_ThenExpectFalse" time="0"/>
  <testcase classname="com.ttkien.model.RectangleTest" name="testAdjacentOfARectangleWithAEmptyRectangle_ThenExpectNONE2" time="0"/>
  <testcase classname="com.ttkien.model.RectangleTest" name="testAdjacentOfARectangleWithAEmptyRectangle_ThenExpectNONE3" time="0"/>
  <testcase classname="com.ttkien.model.RectangleTest" name="testAdjacentOfARectangleWithAEmptyRectangle_ThenExpectNONE4" time="0"/>
  <testcase classname="com.ttkien.model.RectangleTest" name="testAdjacentOfARectangleWithAEmptyRectangle_ThenExpectNONE5" time="0.001"/>
  <testcase classname="com.ttkien.model.RectangleTest" name="testAdjacentOfARectangleWithAEmptyRectangle_ThenExpectNONE" time="0"/>
  <testcase classname="com.ttkien.model.RectangleTest" name="testIntersectTwoEmptyRectangles_ThenExpectFalse" time="0"/>
  <testcase classname="com.ttkien.model.RectangleTest" name="testIntersectTwoEmptyRectangles_ThenExpectFalse2" time="0"/>
  <testcase classname="com.ttkien.model.RectangleTest" name="testEmptyRectangleContainsEmptyRectangle_thenExpectTrue" time="0"/>
  <testcase classname="com.ttkien.model.RectangleTest" name="testIntersectWithOneEmptyRectangles_ThenExpectFalse" time="0"/>
  <testcase classname="com.ttkien.model.RectangleTest" name="testANegativePosRectangleContainsAEmptyRectangle_thenExpectFalse" time="0"/>
  <testcase classname="com.ttkien.model.RectangleTest" name="testRectangleContainsEmptyRectangle_thenExpectFalse" time="0"/>
  <testcase classname="com.ttkien.model.RectangleTest" name="testPositivePosRectangleContainsEmptyRectangle_thenExpectFalse2" time="0"/>
  <testcase classname="com.ttkien.model.RectangleTest" name="testAdjacentOfARectangleWithAEmptyRectangle_ThenExpectSUBLINE2" time="0"/>
  <testcase classname="com.ttkien.model.RectangleTest" name="testAdjacentOfARectangleWithAEmptyRectangle_ThenExpectSUBLINE3" time="0.001"/>
  <testcase classname="com.ttkien.model.RectangleTest" name="testAdjacentOfARectangleWithAEmptyRectangle_ThenExpectSUBLINE4" time="0"/>
  <testcase classname="com.ttkien.model.RectangleTest" name="testAdjacentOfARectangleWithAEmptyRectangle_ThenExpectSUBLINE5" time="0"/>
  <testcase classname="com.ttkien.model.RectangleTest" name="testIsEmpty" time="0"/>
  <testcase classname="com.ttkien.model.RectangleTest" name="testAPointOfXandYAreOnSidesOfRectangles" time="0"/>
  <testcase classname="com.ttkien.model.RectangleTest" name="testConstructor5WithNegativeHeight_thenAssertValuesOfProperties" time="0"/>
  <testcase classname="com.ttkien.model.RectangleTest" name="testEmptyRectangleContainsARectangle_thenExpectFalse" time="0"/>
  <testcase classname="com.ttkien.model.RectangleTest" name="testIntersectionWithAEmptyRectangle2_thenExpectNoIntersection" time="0"/>
  <testcase classname="com.ttkien.model.RectangleTest" name="tetAZeroPointIsOnSideZeroEmptyRectangle_ThenExpectTrue" time="0"/>
  <testcase classname="com.ttkien.model.RectangleTest" name="testANegativePosRectangleContainsEmptyRectangle_thenExpectFalse2" time="0"/>
</testsuite>